<?xml version="1.0" encoding="UTF-8"?>
<!-- Generated by org.testng.reporters.JUnitReportReporter -->
<testsuite hostname="8d4193ab138a" failures="0" tests="9" name="com.example.tests.vendorportal.VendorPortalTest" time="79.795" errors="0" timestamp="2024-01-11T19:04:45 GMT" skipped="0">
  <testcase classname="com.example.tests.vendorportal.VendorPortalTest" name="loginTest" time="6.787"/>
  <testcase classname="com.example.tests.vendorportal.VendorPortalTest" name="dashboardTest" time="6.349"/>
  <testcase classname="com.example.tests.vendorportal.VendorPortalTest" name="logoutTest" time="13.656"/>
  <testcase classname="com.example.tests.vendorportal.VendorPortalTest" name="logoutTest" time="19.975"/>
  <testcase classname="com.example.tests.vendorportal.VendorPortalTest" name="logoutTest" time="6.710"/>
  <testcase classname="com.example.tests.vendorportal.VendorPortalTest" name="dashboardTest" time="6.376"/>
  <testcase classname="com.example.tests.vendorportal.VendorPortalTest" name="loginTest" time="6.759"/>
  <testcase classname="com.example.tests.vendorportal.VendorPortalTest" name="loginTest" time="6.757"/>
  <testcase classname="com.example.tests.vendorportal.VendorPortalTest" name="dashboardTest" time="6.426"/>
</testsuite> <!-- com.example.tests.vendorportal.VendorPortalTest -->
